<?xml version="1.0" encoding="UTF-8"?>
<testsuite name="Assignment_tests.AssignmentTest-20240308100339" tests="1" file="Assignment_tests.py" time="0.003" timestamp="2024-03-08T10:03:39" failures="0" errors="0" skipped="0">
	<testcase classname="Assignment_tests.AssignmentTest" name="test_should_issue_Assignment_pending_message" time="0.003" timestamp="2024-03-08T10:03:39"/>
</testsuite>
