<?xml version="1.0" encoding="UTF-8"?>
<testsuite name="Assignment_tests.AssignmentTest-20240308095828" tests="1" file="Assignment_tests.py" time="0.002" timestamp="2024-03-08T09:58:28" failures="0" errors="0" skipped="0">
	<testcase classname="Assignment_tests.AssignmentTest" name="test_should_issue_Assignment_pending_message" time="0.002" timestamp="2024-03-08T09:58:28"/>
</testsuite>
